<?xml version="1.0" encoding="UTF-8"?>
<testsuite xmlns:xsi="http://www.w3.org/2001/XMLSchema-instance" xsi:noNamespaceSchemaLocation="https://maven.apache.org/surefire/maven-surefire-plugin/xsd/surefire-test-report-3.0.xsd" version="3.0" name="de.heidensee.backend.GartenvereinBackendApplicationTests" time="17.679" tests="1" errors="0" skipped="0" failures="0">
  <properties>
[...]
</properties>
  <testcase name="contextLoads" classname="de.heidensee.backend.GartenvereinBackendApplicationTests" time="1.048">
    <system-out><![CDATA[22:57:25.713 [main] INFO org.springframework.test.context.support.AnnotationConfigContextLoaderUtils -- Could not detect default configuration classes for test class [de.heidensee.backend.GartenvereinBackendApplicationTests]: GartenvereinBackendApplicationTests does not declare any static, non-private, non-final, nested classes annotated with @Configuration.
22:57:26.002 [main] INFO org.springframework.boot.test.context.SpringBootTestContextBootstrapper -- Found @SpringBootConfiguration de.heidensee.backend.GartenvereinBackendApplication for test class de.heidensee.backend.GartenvereinBackendApplicationTests

  .   ____          _            __ _ _
 /\\ / ___'_ __ _ _(_)_ __  __ _ \ \ \ \
( ( )\___ | '_ | '_| | '_ \/ _` | \ \ \ \
 \\/  ___)| |_)| | | | | || (_| |  ) ) ) )
  '  |____| .__|_| |_|_| |_\__, | / / / /
 =========|_|==============|___/=/_/_/_/

 :: Spring Boot ::                (v3.3.6)

2026-01-28T22:57:27.145+01:00  INFO 15996 --- [gartenverein-backend] [           main] .h.b.GartenvereinBackendApplicationTests : Starting GartenvereinBackendApplicationTests using Java 23.0.1 with PID 15996 (started by judoh in C:\Users\judoh\Desktop\GartenVereinWebsite\backend)
2026-01-28T22:57:27.149+01:00  INFO 15996 --- [gartenverein-backend] [           main] .h.b.GartenvereinBackendApplicationTests : No active profile set, falling back to 1 default profile: "dev"
2026-01-28T22:57:30.183+01:00  INFO 15996 --- [gartenverein-backend] [           main] .s.d.r.c.RepositoryConfigurationDelegate : Bootstrapping Spring Data JPA repositories in DEFAULT mode.
2026-01-28T22:57:30.362+01:00  INFO 15996 --- [gartenverein-backend] [           main] .s.d.r.c.RepositoryConfigurationDelegate : Finished Spring Data repository scanning in 164 ms. Found 7 JPA repository interfaces.
2026-01-28T22:57:32.627+01:00  INFO 15996 --- [gartenverein-backend] [           main] o.hibernate.jpa.internal.util.LogHelper  : HHH000204: Processing PersistenceUnitInfo [name: default]
2026-01-28T22:57:32.726+01:00  INFO 15996 --- [gartenverein-backend] [           main] org.hibernate.Version                    : HHH000412: Hibernate ORM core version 6.5.3.Final
2026-01-28T22:57:32.792+01:00  INFO 15996 --- [gartenverein-backend] [           main] o.h.c.internal.RegionFactoryInitiator    : HHH000026: Second-level cache disabled
2026-01-28T22:57:33.497+01:00  INFO 15996 --- [gartenverein-backend] [           main] o.s.o.j.p.SpringPersistenceUnitInfo      : No LoadTimeWeaver setup: ignoring JPA class transformer
2026-01-28T22:57:33.554+01:00  INFO 15996 --- [gartenverein-backend] [           main] com.zaxxer.hikari.HikariDataSource       : HikariPool-1 - Starting...
2026-01-28T22:57:33.798+01:00  INFO 15996 --- [gartenverein-backend] [           main] com.zaxxer.hikari.pool.HikariPool        : HikariPool-1 - Added connection conn0: url=jdbc:h2:mem:gv user=SA
2026-01-28T22:57:33.800+01:00  INFO 15996 --- [gartenverein-backend] [           main] com.zaxxer.hikari.HikariDataSource       : HikariPool-1 - Start completed.
2026-01-28T22:57:35.770+01:00  INFO 15996 --- [gartenverein-backend] [           main] o.h.e.t.j.p.i.JtaPlatformInitiator       : HHH000489: No JTA platform available (set 'hibernate.transaction.jta.platform' to enable JTA platform integration)
2026-01-28T22:57:35.896+01:00  INFO 15996 --- [gartenverein-backend] [           main] j.LocalContainerEntityManagerFactoryBean : Initialized JPA EntityManagerFactory for persistence unit 'default'
2026-01-28T22:57:37.872+01:00  WARN 15996 --- [gartenverein-backend] [           main] .s.s.UserDetailsServiceAutoConfiguration : 

Using generated security password: 991169a3-449a-4295-991b-04cfee115782

This generated password is for development use only. Your security configuration must be updated before running your application in production.

2026-01-28T22:57:37.931+01:00  INFO 15996 --- [gartenverein-backend] [           main] r$InitializeUserDetailsManagerConfigurer : Global AuthenticationManager configured with UserDetailsService bean with name inMemoryUserDetailsManager
2026-01-28T22:57:39.342+01:00  INFO 15996 --- [gartenverein-backend] [           main] o.s.b.a.e.web.EndpointLinksResolver      : Exposing 1 endpoint beneath base path '/actuator'
2026-01-28T22:57:41.182+01:00  INFO 15996 --- [gartenverein-backend] [           main] o.s.b.a.h2.H2ConsoleAutoConfiguration    : H2 console available at '/h2-console'. Database available at 'jdbc:h2:mem:gv'
2026-01-28T22:57:41.553+01:00  INFO 15996 --- [gartenverein-backend] [           main] .h.b.GartenvereinBackendApplicationTests : Started GartenvereinBackendApplicationTests in 15.173 seconds (process running for 17.953)
]]></system-out>
    <system-err><![CDATA[WARNING: A Java agent has been loaded dynamically (C:\Users\judoh\.m2\repository\net\bytebuddy\byte-buddy-agent\1.14.19\byte-buddy-agent-1.14.19.jar)
WARNING: If a serviceability tool is in use, please run with -XX:+EnableDynamicAgentLoading to hide this warning
WARNING: If a serviceability tool is not in use, please run with -Djdk.instrument.traceUsage for more information
WARNING: Dynamic loading of agents will be disallowed by default in a future release
]]></system-err>
  </testcase>
</testsuite>